2021-06-24 17:23:08.816  INFO 13856 --- [main] c.v.spring.aop.SpringAopDemoApplication  : Starting SpringAopDemoApplication using Java 15.0.2 on Doresh-Desktop with PID 13856 (C:\Users\DORESH\Documents\SpringBootAOPLogging-master\SpringAOPDemo\target\classes started by Doresh Ghanta in C:\Users\DORESH\Documents\SpringBootAOPLogging-master\SpringAOPDemo)
2021-06-24 17:23:08.820 DEBUG 13856 --- [main] c.v.spring.aop.SpringAopDemoApplication  : Running with Spring Boot v2.5.1, Spring v5.3.8
2021-06-24 17:23:08.821  INFO 13856 --- [main] c.v.spring.aop.SpringAopDemoApplication  : No active profile set, falling back to default profiles: default
2021-06-24 17:23:10.068  INFO 13856 --- [main] .s.d.r.c.RepositoryConfigurationDelegate : Bootstrapping Spring Data JPA repositories in DEFAULT mode.
2021-06-24 17:23:10.135  INFO 13856 --- [main] .s.d.r.c.RepositoryConfigurationDelegate : Finished Spring Data repository scanning in 54 ms. Found 1 JPA repository interfaces.
2021-06-24 17:23:10.877  INFO 13856 --- [main] o.s.b.w.embedded.tomcat.TomcatWebServer  : Tomcat initialized with port(s): 8081 (http)
2021-06-24 17:23:10.892  INFO 13856 --- [main] o.apache.catalina.core.StandardService   : Starting service [Tomcat]
2021-06-24 17:23:10.893  INFO 13856 --- [main] org.apache.catalina.core.StandardEngine  : Starting Servlet engine: [Apache Tomcat/9.0.46]
2021-06-24 17:23:11.052  INFO 13856 --- [main] o.a.c.c.C.[Tomcat].[localhost].[/]       : Initializing Spring embedded WebApplicationContext
2021-06-24 17:23:11.053  INFO 13856 --- [main] w.s.c.ServletWebServerApplicationContext : Root WebApplicationContext: initialization completed in 2153 ms
2021-06-24 17:23:11.176  INFO 13856 --- [main] com.zaxxer.hikari.HikariDataSource       : HikariPool-1 - Starting...
2021-06-24 17:23:11.418  INFO 13856 --- [main] com.zaxxer.hikari.HikariDataSource       : HikariPool-1 - Start completed.
2021-06-24 17:23:12.659  INFO 13856 --- [main] j.LocalContainerEntityManagerFactoryBean : Initialized JPA EntityManagerFactory for persistence unit 'default'
2021-06-24 17:23:13.063  WARN 13856 --- [main] JpaBaseConfiguration$JpaWebConfiguration : spring.jpa.open-in-view is enabled by default. Therefore, database queries may be performed during view rendering. Explicitly configure spring.jpa.open-in-view to disable this warning
2021-06-24 17:23:13.386  WARN 13856 --- [main] ion$DefaultTemplateResolverConfiguration : Cannot find template location: classpath:/templates/ (please add some templates or check your Thymeleaf configuration)
2021-06-24 17:23:13.533  INFO 13856 --- [main] o.s.b.w.embedded.tomcat.TomcatWebServer  : Tomcat started on port(s): 8081 (http) with context path ''
2021-06-24 17:23:13.552  INFO 13856 --- [main] c.v.spring.aop.SpringAopDemoApplication  : Started SpringAopDemoApplication in 5.278 seconds (JVM running for 6.922)
2021-06-24 17:24:44.012  INFO 13856 --- [http-nio-8081-exec-1] o.a.c.c.C.[Tomcat].[localhost].[/]       : Initializing Spring DispatcherServlet 'dispatcherServlet'
2021-06-24 17:24:44.013  INFO 13856 --- [http-nio-8081-exec-1] o.s.web.servlet.DispatcherServlet        : Initializing Servlet 'dispatcherServlet'
2021-06-24 17:24:44.014  INFO 13856 --- [http-nio-8081-exec-1] o.s.web.servlet.DispatcherServlet        : Completed initialization in 1 ms
2021-06-24 17:24:44.228 DEBUG 13856 --- [http-nio-8081-exec-1] com.vm.spring.aop.aspect.LoggingAspect   : Enter: com.vm.spring.aop.controller.EmployeeController.createEmployee() with argument[s] = [Employee [id=0, firstName=Sunandana, lastName=Suna, emailId=Suna@gmail.com]]
2021-06-24 17:24:44.250 DEBUG 13856 --- [http-nio-8081-exec-1] com.vm.spring.aop.aspect.LoggingAspect   : Enter: com.vm.spring.aop.service.EmployeeService.createEmployee() with argument[s] = [Employee [id=0, firstName=Sunandana, lastName=Suna, emailId=Suna@gmail.com]]
2021-06-24 17:24:44.328 DEBUG 13856 --- [http-nio-8081-exec-1] com.vm.spring.aop.aspect.LoggingAspect   : Exit: com.vm.spring.aop.service.EmployeeService.createEmployee() with result = Employee [id=1, firstName=Sunandana, lastName=Suna, emailId=Suna@gmail.com]
2021-06-24 17:24:44.328 DEBUG 13856 --- [http-nio-8081-exec-1] com.vm.spring.aop.aspect.LoggingAspect   : Exit: com.vm.spring.aop.controller.EmployeeController.createEmployee() with result = Employee [id=1, firstName=Sunandana, lastName=Suna, emailId=Suna@gmail.com]
2021-06-24 17:38:31.817  INFO 13856 --- [RMI TCP Connection(23)-127.0.0.1] inMXBeanRegistrar$SpringApplicationAdmin : Application shutdown requested.
2021-06-24 17:38:31.976  INFO 13856 --- [RMI TCP Connection(23)-127.0.0.1] j.LocalContainerEntityManagerFactoryBean : Closing JPA EntityManagerFactory for persistence unit 'default'
2021-06-24 17:38:31.991  INFO 13856 --- [RMI TCP Connection(23)-127.0.0.1] com.zaxxer.hikari.HikariDataSource       : HikariPool-1 - Shutdown initiated...
2021-06-24 17:38:31.996  INFO 13856 --- [RMI TCP Connection(23)-127.0.0.1] com.zaxxer.hikari.HikariDataSource       : HikariPool-1 - Shutdown completed.
